<?xml version="1.0" encoding="UTF-8"?>
<!-- Generated by org.testng.reporters.JUnitReportReporter -->
<testsuite skipped="0" hostname="qaplanet-PC" name="testBase.ExecuteTests" tests="1" failures="0" timestamp="11 Mar 2019 04:19:48 GMT" time="30.263" errors="0">
  <testcase name="login" time="30.263" classname="testBase.ExecuteTests"/>
</testsuite> <!-- testBase.ExecuteTests -->
